2025-02-01 11:15:25.081 | INFO     | utils.utils_logger:<module>:38 - Logging to file: logs\project_log.log
2025-02-01 11:15:25.533 | INFO     | utils.utils_logger:<module>:38 - Logging to file: logs\project_log.log
2025-02-01 11:15:25.535 | INFO     | __main__:<module>:68 - Project root: C:\Users\Nicole\Documents\streamingData\module04\buzzline-04-hansen
2025-02-01 11:15:25.535 | INFO     | __main__:<module>:72 - Data folder: C:\Users\Nicole\Documents\streamingData\module04\buzzline-04-hansen\data
2025-02-01 11:15:25.536 | INFO     | __main__:<module>:76 - Data file: C:\Users\Nicole\Documents\streamingData\module04\buzzline-04-hansen\data\buzz.json
2025-02-01 11:15:25.536 | INFO     | __main__:main:136 - START producer.
2025-02-01 11:15:25.536 | INFO     | utils.utils_producer:get_zookeeper_address:57 - Zookeeper address: localhost:2181
2025-02-01 11:15:25.540 | INFO     | utils.utils_producer:check_zookeeper_service_is_ready:79 - Zookeeper is ready at localhost:2181.
2025-02-01 11:15:25.540 | INFO     | utils.utils_producer:get_kafka_broker_address:50 - Kafka broker address: localhost:9092
2025-02-01 11:15:25.870 | INFO     | utils.utils_producer:check_kafka_service_is_ready:98 - Kafka is ready. Brokers: {'throttle_time_ms': 0, 'brokers': [{'node_id': 0, 'host': 'localhost', 'port': 9092, 'rack': None}], 'cluster_id': '8kAiVCAkSgeBignTwal0NQ', 'controller_id': 0}
2025-02-01 11:15:25.871 | INFO     | __main__:get_kafka_topic:50 - Kafka topic: buzzline_json
2025-02-01 11:15:25.872 | INFO     | __main__:get_message_interval:57 - Message interval: 3 seconds
2025-02-01 11:15:25.872 | INFO     | utils.utils_producer:get_kafka_broker_address:50 - Kafka broker address: localhost:9092
2025-02-01 11:15:25.872 | INFO     | utils.utils_producer:create_kafka_producer:146 - Connecting to Kafka broker at localhost:9092...
2025-02-01 11:15:25.977 | INFO     | utils.utils_producer:create_kafka_producer:151 - Kafka producer successfully created.
2025-02-01 11:15:25.978 | INFO     | utils.utils_producer:get_kafka_broker_address:50 - Kafka broker address: localhost:9092
2025-02-01 11:15:26.216 | INFO     | __main__:main:185 - START consumer.
2025-02-01 11:15:26.217 | INFO     | __main__:get_kafka_topic:52 - Kafka topic: buzzline_json
2025-02-01 11:15:26.217 | INFO     | __main__:get_kafka_consumer_group_id:59 - Kafka consumer group id: buzz_group
2025-02-01 11:15:26.217 | INFO     | __main__:main:190 - Consumer: Topic 'buzzline_json' and group 'buzz_group'...
2025-02-01 11:15:26.218 | INFO     | utils.utils_producer:get_kafka_broker_address:50 - Kafka broker address: localhost:9092
2025-02-01 11:15:26.218 | INFO     | utils.utils_consumer:create_kafka_consumer:44 - Creating Kafka consumer. Topic='buzzline_json' and group ID='buzz_group'.
2025-02-01 11:15:26.294 | INFO     | utils.utils_producer:create_kafka_topic:176 - Creating 'buzzline_json'.
2025-02-01 11:15:26.328 | INFO     | utils.utils_consumer:create_kafka_consumer:59 - Kafka consumer created successfully.
2025-02-01 11:15:26.328 | INFO     | __main__:main:196 - Polling messages from topic 'buzzline_json'...
2025-02-01 11:15:26.524 | INFO     | utils.utils_producer:create_kafka_topic:181 - Topic 'buzzline_json' created successfully.
2025-02-01 11:15:26.525 | INFO     | __main__:main:159 - Kafka topic 'buzzline_json' is ready.
2025-02-01 11:15:26.526 | INFO     | __main__:main:165 - Starting message production to topic 'buzzline_json'...
2025-02-01 11:15:26.527 | INFO     | __main__:generate_messages:95 - Opening data file in read mode: C:\Users\Nicole\Documents\streamingData\module04\buzzline-04-hansen\data\buzz.json
2025-02-01 11:15:26.528 | INFO     | __main__:generate_messages:97 - Reading data from file: C:\Users\Nicole\Documents\streamingData\module04\buzzline-04-hansen\data\buzz.json
2025-02-01 11:15:26.601 | INFO     | __main__:main:170 - Sent message to topic 'buzzline_json': {'message': 'Data engineering is my passion.', 'author': 'Eve'}
2025-02-01 11:15:27.314 | INFO     | __main__:process_message:144 - Processed JSON message: {'message': 'Data engineering is my passion.', 'author': 'Eve'}
2025-02-01 11:15:27.314 | INFO     | __main__:process_message:150 - Message received from author: Eve
2025-02-01 11:15:27.315 | INFO     | __main__:process_message:156 - Updated author counts: {'Eve': 1}
2025-02-01 11:15:27.478 | INFO     | __main__:process_message:162 - Chart updated successfully for message: {"message": "Data engineering is my passion.", "author": "Eve"}
2025-02-01 11:15:29.604 | INFO     | __main__:main:170 - Sent message to topic 'buzzline_json': {'message': 'Distributed systems are fascinating.', 'author': 'Alice'}
2025-02-01 11:15:29.613 | INFO     | __main__:process_message:144 - Processed JSON message: {'message': 'Distributed systems are fascinating.', 'author': 'Alice'}
2025-02-01 11:15:29.613 | INFO     | __main__:process_message:150 - Message received from author: Alice
2025-02-01 11:15:29.614 | INFO     | __main__:process_message:156 - Updated author counts: {'Eve': 1, 'Alice': 1}
2025-02-01 11:15:29.657 | INFO     | __main__:process_message:162 - Chart updated successfully for message: {"message": "Distributed systems are fascinating.", "author": "Alice"}
2025-02-01 11:15:32.607 | INFO     | __main__:main:170 - Sent message to topic 'buzzline_json': {'message': 'Have a great day!', 'author': 'Charlie'}
2025-02-01 11:15:32.615 | INFO     | __main__:process_message:144 - Processed JSON message: {'message': 'Have a great day!', 'author': 'Charlie'}
2025-02-01 11:15:32.617 | INFO     | __main__:process_message:150 - Message received from author: Charlie
2025-02-01 11:15:32.617 | INFO     | __main__:process_message:156 - Updated author counts: {'Eve': 1, 'Alice': 1, 'Charlie': 1}
2025-02-01 11:15:32.685 | INFO     | __main__:process_message:162 - Chart updated successfully for message: {"message": "Have a great day!", "author": "Charlie"}
2025-02-01 11:15:35.612 | INFO     | __main__:main:170 - Sent message to topic 'buzzline_json': {'message': 'Data engineering is my passion.', 'author': 'Alice'}
2025-02-01 11:15:35.621 | INFO     | __main__:process_message:144 - Processed JSON message: {'message': 'Data engineering is my passion.', 'author': 'Alice'}
2025-02-01 11:15:35.622 | INFO     | __main__:process_message:150 - Message received from author: Alice
2025-02-01 11:15:35.622 | INFO     | __main__:process_message:156 - Updated author counts: {'Eve': 1, 'Alice': 2, 'Charlie': 1}
2025-02-01 11:15:35.666 | INFO     | __main__:process_message:162 - Chart updated successfully for message: {"message": "Data engineering is my passion.", "author": "Alice"}
2025-02-01 11:15:38.617 | INFO     | __main__:main:170 - Sent message to topic 'buzzline_json': {'message': 'Distributed systems are fascinating.', 'author': 'Diana'}
2025-02-01 11:15:38.623 | INFO     | __main__:process_message:144 - Processed JSON message: {'message': 'Distributed systems are fascinating.', 'author': 'Diana'}
2025-02-01 11:15:38.623 | INFO     | __main__:process_message:150 - Message received from author: Diana
2025-02-01 11:15:38.623 | INFO     | __main__:process_message:156 - Updated author counts: {'Eve': 1, 'Alice': 2, 'Charlie': 1, 'Diana': 1}
2025-02-01 11:15:38.670 | INFO     | __main__:process_message:162 - Chart updated successfully for message: {"message": "Distributed systems are fascinating.", "author": "Diana"}
2025-02-01 11:15:41.622 | INFO     | __main__:main:170 - Sent message to topic 'buzzline_json': {'message': 'Buzz messages for everyone.', 'author': 'Alice'}
2025-02-01 11:15:41.627 | INFO     | __main__:process_message:144 - Processed JSON message: {'message': 'Buzz messages for everyone.', 'author': 'Alice'}
2025-02-01 11:15:41.627 | INFO     | __main__:process_message:150 - Message received from author: Alice
2025-02-01 11:15:41.628 | INFO     | __main__:process_message:156 - Updated author counts: {'Eve': 1, 'Alice': 3, 'Charlie': 1, 'Diana': 1}
2025-02-01 11:15:41.673 | INFO     | __main__:process_message:162 - Chart updated successfully for message: {"message": "Buzz messages for everyone.", "author": "Alice"}
2025-02-01 11:15:44.625 | INFO     | __main__:main:170 - Sent message to topic 'buzzline_json': {'message': 'Hello, Kafka world!', 'author': 'Diana'}
2025-02-01 11:15:44.629 | INFO     | __main__:process_message:144 - Processed JSON message: {'message': 'Hello, Kafka world!', 'author': 'Diana'}
2025-02-01 11:15:44.631 | INFO     | __main__:process_message:150 - Message received from author: Diana
2025-02-01 11:15:44.631 | INFO     | __main__:process_message:156 - Updated author counts: {'Eve': 1, 'Alice': 3, 'Charlie': 1, 'Diana': 2}
2025-02-01 11:15:44.686 | INFO     | __main__:process_message:162 - Chart updated successfully for message: {"message": "Hello, Kafka world!", "author": "Diana"}
2025-02-01 11:15:47.628 | INFO     | __main__:main:170 - Sent message to topic 'buzzline_json': {'message': 'This is a buzz message.', 'author': 'Eve'}
2025-02-01 11:15:47.636 | INFO     | __main__:process_message:144 - Processed JSON message: {'message': 'This is a buzz message.', 'author': 'Eve'}
2025-02-01 11:15:47.637 | INFO     | __main__:process_message:150 - Message received from author: Eve
2025-02-01 11:15:47.638 | INFO     | __main__:process_message:156 - Updated author counts: {'Eve': 2, 'Alice': 3, 'Charlie': 1, 'Diana': 2}
2025-02-01 11:15:47.688 | INFO     | __main__:process_message:162 - Chart updated successfully for message: {"message": "This is a buzz message.", "author": "Eve"}
2025-02-01 11:15:50.633 | INFO     | __main__:main:170 - Sent message to topic 'buzzline_json': {'message': 'JSON makes life easier.', 'author': 'Eve'}
2025-02-01 11:15:50.640 | INFO     | __main__:process_message:144 - Processed JSON message: {'message': 'JSON makes life easier.', 'author': 'Eve'}
2025-02-01 11:15:50.641 | INFO     | __main__:process_message:150 - Message received from author: Eve
2025-02-01 11:15:50.641 | INFO     | __main__:process_message:156 - Updated author counts: {'Eve': 3, 'Alice': 3, 'Charlie': 1, 'Diana': 2}
2025-02-01 11:15:50.708 | INFO     | __main__:process_message:162 - Chart updated successfully for message: {"message": "JSON makes life easier.", "author": "Eve"}
2025-02-01 11:15:53.636 | INFO     | __main__:main:170 - Sent message to topic 'buzzline_json': {'message': 'JSON makes life easier.', 'author': 'Alice'}
2025-02-01 11:15:53.644 | INFO     | __main__:process_message:144 - Processed JSON message: {'message': 'JSON makes life easier.', 'author': 'Alice'}
2025-02-01 11:15:53.645 | INFO     | __main__:process_message:150 - Message received from author: Alice
2025-02-01 11:15:53.645 | INFO     | __main__:process_message:156 - Updated author counts: {'Eve': 3, 'Alice': 4, 'Charlie': 1, 'Diana': 2}
2025-02-01 11:15:53.745 | INFO     | __main__:process_message:162 - Chart updated successfully for message: {"message": "JSON makes life easier.", "author": "Alice"}
2025-02-01 11:15:56.641 | INFO     | __main__:main:170 - Sent message to topic 'buzzline_json': {'message': 'Data engineering is my passion.', 'author': 'Diana'}
2025-02-01 11:15:56.646 | INFO     | __main__:process_message:144 - Processed JSON message: {'message': 'Data engineering is my passion.', 'author': 'Diana'}
2025-02-01 11:15:56.646 | INFO     | __main__:process_message:150 - Message received from author: Diana
2025-02-01 11:15:56.646 | INFO     | __main__:process_message:156 - Updated author counts: {'Eve': 3, 'Alice': 4, 'Charlie': 1, 'Diana': 3}
2025-02-01 11:15:56.710 | INFO     | __main__:process_message:162 - Chart updated successfully for message: {"message": "Data engineering is my passion.", "author": "Diana"}
2025-02-01 11:15:59.646 | INFO     | __main__:main:170 - Sent message to topic 'buzzline_json': {'message': 'JSON makes life easier.', 'author': 'Diana'}
2025-02-01 11:15:59.652 | INFO     | __main__:process_message:144 - Processed JSON message: {'message': 'JSON makes life easier.', 'author': 'Diana'}
2025-02-01 11:15:59.652 | INFO     | __main__:process_message:150 - Message received from author: Diana
2025-02-01 11:15:59.653 | INFO     | __main__:process_message:156 - Updated author counts: {'Eve': 3, 'Alice': 4, 'Charlie': 1, 'Diana': 4}
2025-02-01 11:15:59.713 | INFO     | __main__:process_message:162 - Chart updated successfully for message: {"message": "JSON makes life easier.", "author": "Diana"}
2025-02-01 11:16:02.650 | INFO     | __main__:main:170 - Sent message to topic 'buzzline_json': {'message': 'Kafka is awesome.', 'author': 'Charlie'}
2025-02-01 11:16:02.658 | INFO     | __main__:process_message:144 - Processed JSON message: {'message': 'Kafka is awesome.', 'author': 'Charlie'}
2025-02-01 11:16:02.658 | INFO     | __main__:process_message:150 - Message received from author: Charlie
2025-02-01 11:16:02.659 | INFO     | __main__:process_message:156 - Updated author counts: {'Eve': 3, 'Alice': 4, 'Charlie': 2, 'Diana': 4}
2025-02-01 11:16:02.712 | INFO     | __main__:process_message:162 - Chart updated successfully for message: {"message": "Kafka is awesome.", "author": "Charlie"}
2025-02-01 11:16:05.656 | INFO     | __main__:main:170 - Sent message to topic 'buzzline_json': {'message': 'JSON makes life easier.', 'author': 'Bob'}
2025-02-01 11:16:05.664 | INFO     | __main__:process_message:144 - Processed JSON message: {'message': 'JSON makes life easier.', 'author': 'Bob'}
2025-02-01 11:16:05.664 | INFO     | __main__:process_message:150 - Message received from author: Bob
2025-02-01 11:16:05.664 | INFO     | __main__:process_message:156 - Updated author counts: {'Eve': 3, 'Alice': 4, 'Charlie': 2, 'Diana': 4, 'Bob': 1}
2025-02-01 11:16:05.733 | INFO     | __main__:process_message:162 - Chart updated successfully for message: {"message": "JSON makes life easier.", "author": "Bob"}
2025-02-01 11:16:08.660 | INFO     | __main__:main:170 - Sent message to topic 'buzzline_json': {'message': 'I love Python!', 'author': 'Bob'}
2025-02-01 11:16:08.663 | INFO     | __main__:process_message:144 - Processed JSON message: {'message': 'I love Python!', 'author': 'Bob'}
2025-02-01 11:16:08.663 | INFO     | __main__:process_message:150 - Message received from author: Bob
2025-02-01 11:16:08.664 | INFO     | __main__:process_message:156 - Updated author counts: {'Eve': 3, 'Alice': 4, 'Charlie': 2, 'Diana': 4, 'Bob': 2}
2025-02-01 11:16:08.740 | INFO     | __main__:process_message:162 - Chart updated successfully for message: {"message": "I love Python!", "author": "Bob"}
2025-02-01 11:16:11.662 | INFO     | __main__:main:170 - Sent message to topic 'buzzline_json': {'message': 'This is a buzz message.', 'author': 'Eve'}
2025-02-01 11:16:11.671 | INFO     | __main__:process_message:144 - Processed JSON message: {'message': 'This is a buzz message.', 'author': 'Eve'}
2025-02-01 11:16:11.671 | INFO     | __main__:process_message:150 - Message received from author: Eve
2025-02-01 11:16:11.671 | INFO     | __main__:process_message:156 - Updated author counts: {'Eve': 4, 'Alice': 4, 'Charlie': 2, 'Diana': 4, 'Bob': 2}
2025-02-01 11:16:11.742 | INFO     | __main__:process_message:162 - Chart updated successfully for message: {"message": "This is a buzz message.", "author": "Eve"}
2025-02-01 11:16:14.668 | INFO     | __main__:main:170 - Sent message to topic 'buzzline_json': {'message': 'I love Python!', 'author': 'Eve'}
2025-02-01 11:16:14.678 | INFO     | __main__:process_message:144 - Processed JSON message: {'message': 'I love Python!', 'author': 'Eve'}
2025-02-01 11:16:14.678 | INFO     | __main__:process_message:150 - Message received from author: Eve
2025-02-01 11:16:14.678 | INFO     | __main__:process_message:156 - Updated author counts: {'Eve': 5, 'Alice': 4, 'Charlie': 2, 'Diana': 4, 'Bob': 2}
2025-02-01 11:16:14.726 | INFO     | __main__:process_message:162 - Chart updated successfully for message: {"message": "I love Python!", "author": "Eve"}
2025-02-01 11:16:17.673 | INFO     | __main__:main:170 - Sent message to topic 'buzzline_json': {'message': 'Buzz messages for everyone.', 'author': 'Alice'}
2025-02-01 11:16:17.680 | INFO     | __main__:process_message:144 - Processed JSON message: {'message': 'Buzz messages for everyone.', 'author': 'Alice'}
2025-02-01 11:16:17.681 | INFO     | __main__:process_message:150 - Message received from author: Alice
2025-02-01 11:16:17.681 | INFO     | __main__:process_message:156 - Updated author counts: {'Eve': 5, 'Alice': 5, 'Charlie': 2, 'Diana': 4, 'Bob': 2}
2025-02-01 11:16:17.740 | INFO     | __main__:process_message:162 - Chart updated successfully for message: {"message": "Buzz messages for everyone.", "author": "Alice"}
2025-02-01 11:16:20.680 | INFO     | __main__:process_message:144 - Processed JSON message: {'message': 'This is a buzz message.', 'author': 'Alice'}
2025-02-01 11:16:20.680 | INFO     | __main__:process_message:150 - Message received from author: Alice
2025-02-01 11:16:20.681 | INFO     | __main__:process_message:156 - Updated author counts: {'Eve': 5, 'Alice': 6, 'Charlie': 2, 'Diana': 4, 'Bob': 2}
2025-02-01 11:16:20.679 | INFO     | __main__:main:170 - Sent message to topic 'buzzline_json': {'message': 'This is a buzz message.', 'author': 'Alice'}
2025-02-01 11:16:20.742 | INFO     | __main__:process_message:162 - Chart updated successfully for message: {"message": "This is a buzz message.", "author": "Alice"}
2025-02-01 11:16:23.687 | INFO     | __main__:main:170 - Sent message to topic 'buzzline_json': {'message': 'Data engineering is my passion.', 'author': 'Diana'}
2025-02-01 11:16:23.695 | INFO     | __main__:process_message:144 - Processed JSON message: {'message': 'Data engineering is my passion.', 'author': 'Diana'}
2025-02-01 11:16:23.695 | INFO     | __main__:process_message:150 - Message received from author: Diana
2025-02-01 11:16:23.697 | INFO     | __main__:process_message:156 - Updated author counts: {'Eve': 5, 'Alice': 6, 'Charlie': 2, 'Diana': 5, 'Bob': 2}
2025-02-01 11:16:23.772 | INFO     | __main__:process_message:162 - Chart updated successfully for message: {"message": "Data engineering is my passion.", "author": "Diana"}
2025-02-01 11:16:26.692 | INFO     | __main__:main:170 - Sent message to topic 'buzzline_json': {'message': 'I love Python!', 'author': 'Eve'}
2025-02-01 11:16:26.701 | INFO     | __main__:process_message:144 - Processed JSON message: {'message': 'I love Python!', 'author': 'Eve'}
2025-02-01 11:16:26.701 | INFO     | __main__:process_message:150 - Message received from author: Eve
2025-02-01 11:16:26.704 | INFO     | __main__:process_message:156 - Updated author counts: {'Eve': 6, 'Alice': 6, 'Charlie': 2, 'Diana': 5, 'Bob': 2}
2025-02-01 11:16:26.771 | INFO     | __main__:process_message:162 - Chart updated successfully for message: {"message": "I love Python!", "author": "Eve"}
2025-02-01 11:16:29.698 | INFO     | __main__:main:170 - Sent message to topic 'buzzline_json': {'message': 'JSON makes life easier.', 'author': 'Charlie'}
2025-02-01 11:16:29.702 | INFO     | __main__:process_message:144 - Processed JSON message: {'message': 'JSON makes life easier.', 'author': 'Charlie'}
2025-02-01 11:16:29.702 | INFO     | __main__:process_message:150 - Message received from author: Charlie
2025-02-01 11:16:29.703 | INFO     | __main__:process_message:156 - Updated author counts: {'Eve': 6, 'Alice': 6, 'Charlie': 3, 'Diana': 5, 'Bob': 2}
2025-02-01 11:16:29.765 | INFO     | __main__:process_message:162 - Chart updated successfully for message: {"message": "JSON makes life easier.", "author": "Charlie"}
2025-02-01 11:16:32.703 | INFO     | __main__:main:170 - Sent message to topic 'buzzline_json': {'message': 'Have a great day!', 'author': 'Bob'}
2025-02-01 11:16:32.711 | INFO     | __main__:process_message:144 - Processed JSON message: {'message': 'Have a great day!', 'author': 'Bob'}
2025-02-01 11:16:32.711 | INFO     | __main__:process_message:150 - Message received from author: Bob
2025-02-01 11:16:32.711 | INFO     | __main__:process_message:156 - Updated author counts: {'Eve': 6, 'Alice': 6, 'Charlie': 3, 'Diana': 5, 'Bob': 3}
2025-02-01 11:16:32.786 | INFO     | __main__:process_message:162 - Chart updated successfully for message: {"message": "Have a great day!", "author": "Bob"}
2025-02-01 11:16:35.709 | INFO     | __main__:main:170 - Sent message to topic 'buzzline_json': {'message': 'Data engineering is my passion.', 'author': 'Alice'}
2025-02-01 11:16:35.716 | INFO     | __main__:process_message:144 - Processed JSON message: {'message': 'Data engineering is my passion.', 'author': 'Alice'}
2025-02-01 11:16:35.717 | INFO     | __main__:process_message:150 - Message received from author: Alice
2025-02-01 11:16:35.717 | INFO     | __main__:process_message:156 - Updated author counts: {'Eve': 6, 'Alice': 7, 'Charlie': 3, 'Diana': 5, 'Bob': 3}
2025-02-01 11:16:35.774 | INFO     | __main__:process_message:162 - Chart updated successfully for message: {"message": "Data engineering is my passion.", "author": "Alice"}
2025-02-01 11:16:38.714 | INFO     | __main__:main:170 - Sent message to topic 'buzzline_json': {'message': 'Kafka is awesome.', 'author': 'Diana'}
2025-02-01 11:16:38.722 | INFO     | __main__:process_message:144 - Processed JSON message: {'message': 'Kafka is awesome.', 'author': 'Diana'}
2025-02-01 11:16:38.723 | INFO     | __main__:process_message:150 - Message received from author: Diana
2025-02-01 11:16:38.723 | INFO     | __main__:process_message:156 - Updated author counts: {'Eve': 6, 'Alice': 7, 'Charlie': 3, 'Diana': 6, 'Bob': 3}
2025-02-01 11:16:38.784 | INFO     | __main__:process_message:162 - Chart updated successfully for message: {"message": "Kafka is awesome.", "author": "Diana"}
2025-02-01 11:16:41.721 | INFO     | __main__:main:170 - Sent message to topic 'buzzline_json': {'message': 'Kafka is awesome.', 'author': 'Diana'}
2025-02-01 11:16:41.730 | INFO     | __main__:process_message:144 - Processed JSON message: {'message': 'Kafka is awesome.', 'author': 'Diana'}
2025-02-01 11:16:41.730 | INFO     | __main__:process_message:150 - Message received from author: Diana
2025-02-01 11:16:41.731 | INFO     | __main__:process_message:156 - Updated author counts: {'Eve': 6, 'Alice': 7, 'Charlie': 3, 'Diana': 7, 'Bob': 3}
2025-02-01 11:16:41.813 | INFO     | __main__:process_message:162 - Chart updated successfully for message: {"message": "Kafka is awesome.", "author": "Diana"}
2025-02-01 11:16:44.725 | INFO     | __main__:main:170 - Sent message to topic 'buzzline_json': {'message': 'Hello, Kafka world!', 'author': 'Bob'}
2025-02-01 11:16:44.733 | INFO     | __main__:process_message:144 - Processed JSON message: {'message': 'Hello, Kafka world!', 'author': 'Bob'}
2025-02-01 11:16:44.733 | INFO     | __main__:process_message:150 - Message received from author: Bob
2025-02-01 11:16:44.734 | INFO     | __main__:process_message:156 - Updated author counts: {'Eve': 6, 'Alice': 7, 'Charlie': 3, 'Diana': 7, 'Bob': 4}
2025-02-01 11:16:44.969 | INFO     | __main__:process_message:162 - Chart updated successfully for message: {"message": "Hello, Kafka world!", "author": "Bob"}
2025-02-01 11:27:10.644 | INFO     | utils.utils_logger:<module>:38 - Logging to file: logs\project_log.log
2025-02-01 11:27:10.646 | INFO     | __main__:<module>:68 - Project root: C:\Users\Nicole\Documents\streamingData\module04\buzzline-04-hansen
2025-02-01 11:27:10.646 | INFO     | __main__:<module>:72 - Data folder: C:\Users\Nicole\Documents\streamingData\module04\buzzline-04-hansen\data
2025-02-01 11:27:10.646 | INFO     | __main__:<module>:76 - Data file: C:\Users\Nicole\Documents\streamingData\module04\buzzline-04-hansen\data\buzz.json
2025-02-01 11:27:10.646 | INFO     | __main__:main:136 - START producer.
2025-02-01 11:27:10.646 | INFO     | utils.utils_producer:get_zookeeper_address:57 - Zookeeper address: localhost:2181
2025-02-01 11:27:10.650 | INFO     | utils.utils_producer:check_zookeeper_service_is_ready:79 - Zookeeper is ready at localhost:2181.
2025-02-01 11:27:10.650 | INFO     | utils.utils_producer:get_kafka_broker_address:50 - Kafka broker address: localhost:9092
2025-02-01 11:27:10.989 | INFO     | utils.utils_producer:check_kafka_service_is_ready:98 - Kafka is ready. Brokers: {'throttle_time_ms': 0, 'brokers': [{'node_id': 0, 'host': 'localhost', 'port': 9092, 'rack': None}], 'cluster_id': 'duLNpX9JQ-yQn9mOePsoSg', 'controller_id': 0}
2025-02-01 11:27:10.990 | INFO     | __main__:get_kafka_topic:50 - Kafka topic: buzzline_json
2025-02-01 11:27:10.991 | INFO     | __main__:get_message_interval:57 - Message interval: 3 seconds
2025-02-01 11:27:10.991 | INFO     | utils.utils_producer:get_kafka_broker_address:50 - Kafka broker address: localhost:9092
2025-02-01 11:27:10.992 | INFO     | utils.utils_producer:create_kafka_producer:146 - Connecting to Kafka broker at localhost:9092...
2025-02-01 11:27:11.101 | INFO     | utils.utils_producer:create_kafka_producer:151 - Kafka producer successfully created.
2025-02-01 11:27:11.102 | INFO     | utils.utils_producer:get_kafka_broker_address:50 - Kafka broker address: localhost:9092
2025-02-01 11:27:11.429 | INFO     | utils.utils_producer:create_kafka_topic:176 - Creating 'buzzline_json'.
2025-02-01 11:27:11.611 | INFO     | utils.utils_producer:create_kafka_topic:181 - Topic 'buzzline_json' created successfully.
2025-02-01 11:27:11.613 | INFO     | __main__:main:159 - Kafka topic 'buzzline_json' is ready.
2025-02-01 11:27:11.614 | INFO     | __main__:main:165 - Starting message production to topic 'buzzline_json'...
2025-02-01 11:27:11.614 | INFO     | __main__:generate_messages:95 - Opening data file in read mode: C:\Users\Nicole\Documents\streamingData\module04\buzzline-04-hansen\data\buzz.json
2025-02-01 11:27:11.615 | INFO     | __main__:generate_messages:97 - Reading data from file: C:\Users\Nicole\Documents\streamingData\module04\buzzline-04-hansen\data\buzz.json
2025-02-01 11:27:11.697 | INFO     | __main__:main:170 - Sent message to topic 'buzzline_json': {'message': 'Data engineering is my passion.', 'author': 'Eve'}
2025-02-01 11:27:12.750 | INFO     | utils.utils_logger:<module>:38 - Logging to file: logs\project_log.log
2025-02-01 11:27:12.906 | INFO     | __main__:main:185 - START consumer.
2025-02-01 11:27:12.907 | INFO     | __main__:get_kafka_topic:52 - Kafka topic: buzzline_json
2025-02-01 11:27:12.907 | INFO     | __main__:get_kafka_consumer_group_id:59 - Kafka consumer group id: buzz_group
2025-02-01 11:27:12.907 | INFO     | __main__:main:190 - Consumer: Topic 'buzzline_json' and group 'buzz_group'...
2025-02-01 11:27:12.907 | INFO     | utils.utils_producer:get_kafka_broker_address:50 - Kafka broker address: localhost:9092
2025-02-01 11:27:12.907 | INFO     | utils.utils_consumer:create_kafka_consumer:44 - Creating Kafka consumer. Topic='buzzline_json' and group ID='buzz_group'.
2025-02-01 11:27:13.017 | INFO     | utils.utils_consumer:create_kafka_consumer:59 - Kafka consumer created successfully.
2025-02-01 11:27:13.018 | INFO     | __main__:main:196 - Polling messages from topic 'buzzline_json'...
2025-02-01 11:27:13.865 | INFO     | __main__:process_message:144 - Processed JSON message: {'message': 'Data engineering is my passion.', 'author': 'Eve'}
2025-02-01 11:27:13.865 | INFO     | __main__:process_message:150 - Message received from author: Eve
2025-02-01 11:27:13.865 | INFO     | __main__:process_message:156 - Updated author counts: {'Eve': 1}
2025-02-01 11:27:14.028 | INFO     | __main__:process_message:162 - Chart updated successfully for message: {"message": "Data engineering is my passion.", "author": "Eve"}
2025-02-01 11:27:14.701 | INFO     | __main__:main:170 - Sent message to topic 'buzzline_json': {'message': 'Distributed systems are fascinating.', 'author': 'Alice'}
2025-02-01 11:27:14.709 | INFO     | __main__:process_message:144 - Processed JSON message: {'message': 'Distributed systems are fascinating.', 'author': 'Alice'}
2025-02-01 11:27:14.709 | INFO     | __main__:process_message:150 - Message received from author: Alice
2025-02-01 11:27:14.710 | INFO     | __main__:process_message:156 - Updated author counts: {'Eve': 1, 'Alice': 1}
2025-02-01 11:27:14.753 | INFO     | __main__:process_message:162 - Chart updated successfully for message: {"message": "Distributed systems are fascinating.", "author": "Alice"}
2025-02-01 11:27:17.706 | INFO     | __main__:main:170 - Sent message to topic 'buzzline_json': {'message': 'Have a great day!', 'author': 'Charlie'}
2025-02-01 11:27:17.713 | INFO     | __main__:process_message:144 - Processed JSON message: {'message': 'Have a great day!', 'author': 'Charlie'}
2025-02-01 11:27:17.713 | INFO     | __main__:process_message:150 - Message received from author: Charlie
2025-02-01 11:27:17.714 | INFO     | __main__:process_message:156 - Updated author counts: {'Eve': 1, 'Alice': 1, 'Charlie': 1}
2025-02-01 11:27:17.778 | INFO     | __main__:process_message:162 - Chart updated successfully for message: {"message": "Have a great day!", "author": "Charlie"}
2025-02-01 11:27:20.709 | INFO     | __main__:main:170 - Sent message to topic 'buzzline_json': {'message': 'Data engineering is my passion.', 'author': 'Alice'}
2025-02-01 11:27:20.717 | INFO     | __main__:process_message:144 - Processed JSON message: {'message': 'Data engineering is my passion.', 'author': 'Alice'}
2025-02-01 11:27:20.717 | INFO     | __main__:process_message:150 - Message received from author: Alice
2025-02-01 11:27:20.718 | INFO     | __main__:process_message:156 - Updated author counts: {'Eve': 1, 'Alice': 2, 'Charlie': 1}
2025-02-01 11:27:20.772 | INFO     | __main__:process_message:162 - Chart updated successfully for message: {"message": "Data engineering is my passion.", "author": "Alice"}
2025-02-01 11:27:23.711 | INFO     | __main__:main:170 - Sent message to topic 'buzzline_json': {'message': 'Distributed systems are fascinating.', 'author': 'Diana'}
2025-02-01 11:27:23.719 | INFO     | __main__:process_message:144 - Processed JSON message: {'message': 'Distributed systems are fascinating.', 'author': 'Diana'}
2025-02-01 11:27:23.719 | INFO     | __main__:process_message:150 - Message received from author: Diana
2025-02-01 11:27:23.719 | INFO     | __main__:process_message:156 - Updated author counts: {'Eve': 1, 'Alice': 2, 'Charlie': 1, 'Diana': 1}
2025-02-01 11:27:23.774 | INFO     | __main__:process_message:162 - Chart updated successfully for message: {"message": "Distributed systems are fascinating.", "author": "Diana"}
2025-02-01 11:27:26.714 | INFO     | __main__:main:170 - Sent message to topic 'buzzline_json': {'message': 'Buzz messages for everyone.', 'author': 'Alice'}
2025-02-01 11:27:26.721 | INFO     | __main__:process_message:144 - Processed JSON message: {'message': 'Buzz messages for everyone.', 'author': 'Alice'}
2025-02-01 11:27:26.722 | INFO     | __main__:process_message:150 - Message received from author: Alice
2025-02-01 11:27:26.723 | INFO     | __main__:process_message:156 - Updated author counts: {'Eve': 1, 'Alice': 3, 'Charlie': 1, 'Diana': 1}
2025-02-01 11:27:26.856 | INFO     | __main__:process_message:162 - Chart updated successfully for message: {"message": "Buzz messages for everyone.", "author": "Alice"}
2025-02-01 11:27:29.717 | INFO     | __main__:main:170 - Sent message to topic 'buzzline_json': {'message': 'Hello, Kafka world!', 'author': 'Diana'}
2025-02-01 11:27:29.725 | INFO     | __main__:process_message:144 - Processed JSON message: {'message': 'Hello, Kafka world!', 'author': 'Diana'}
2025-02-01 11:27:29.726 | INFO     | __main__:process_message:150 - Message received from author: Diana
2025-02-01 11:27:29.727 | INFO     | __main__:process_message:156 - Updated author counts: {'Eve': 1, 'Alice': 3, 'Charlie': 1, 'Diana': 2}
2025-02-01 11:27:29.777 | INFO     | __main__:process_message:162 - Chart updated successfully for message: {"message": "Hello, Kafka world!", "author": "Diana"}
2025-02-01 11:27:32.722 | INFO     | __main__:main:170 - Sent message to topic 'buzzline_json': {'message': 'This is a buzz message.', 'author': 'Eve'}
2025-02-01 11:27:32.843 | INFO     | __main__:process_message:144 - Processed JSON message: {'message': 'This is a buzz message.', 'author': 'Eve'}
2025-02-01 11:27:32.843 | INFO     | __main__:process_message:150 - Message received from author: Eve
2025-02-01 11:27:32.844 | INFO     | __main__:process_message:156 - Updated author counts: {'Eve': 2, 'Alice': 3, 'Charlie': 1, 'Diana': 2}
2025-02-01 11:27:32.898 | INFO     | __main__:process_message:162 - Chart updated successfully for message: {"message": "This is a buzz message.", "author": "Eve"}
2025-02-01 11:27:35.729 | INFO     | __main__:main:170 - Sent message to topic 'buzzline_json': {'message': 'JSON makes life easier.', 'author': 'Eve'}
2025-02-01 11:27:35.735 | INFO     | __main__:process_message:144 - Processed JSON message: {'message': 'JSON makes life easier.', 'author': 'Eve'}
2025-02-01 11:27:35.736 | INFO     | __main__:process_message:150 - Message received from author: Eve
2025-02-01 11:27:35.736 | INFO     | __main__:process_message:156 - Updated author counts: {'Eve': 3, 'Alice': 3, 'Charlie': 1, 'Diana': 2}
2025-02-01 11:27:35.784 | INFO     | __main__:process_message:162 - Chart updated successfully for message: {"message": "JSON makes life easier.", "author": "Eve"}
2025-02-01 11:27:38.731 | INFO     | __main__:main:170 - Sent message to topic 'buzzline_json': {'message': 'JSON makes life easier.', 'author': 'Alice'}
2025-02-01 11:27:38.737 | INFO     | __main__:process_message:144 - Processed JSON message: {'message': 'JSON makes life easier.', 'author': 'Alice'}
2025-02-01 11:27:38.738 | INFO     | __main__:process_message:150 - Message received from author: Alice
2025-02-01 11:27:38.738 | INFO     | __main__:process_message:156 - Updated author counts: {'Eve': 3, 'Alice': 4, 'Charlie': 1, 'Diana': 2}
2025-02-01 11:27:38.789 | INFO     | __main__:process_message:162 - Chart updated successfully for message: {"message": "JSON makes life easier.", "author": "Alice"}
2025-02-01 11:27:41.732 | INFO     | __main__:main:170 - Sent message to topic 'buzzline_json': {'message': 'Data engineering is my passion.', 'author': 'Diana'}
2025-02-01 11:27:41.741 | INFO     | __main__:process_message:144 - Processed JSON message: {'message': 'Data engineering is my passion.', 'author': 'Diana'}
2025-02-01 11:27:41.741 | INFO     | __main__:process_message:150 - Message received from author: Diana
2025-02-01 11:27:41.741 | INFO     | __main__:process_message:156 - Updated author counts: {'Eve': 3, 'Alice': 4, 'Charlie': 1, 'Diana': 3}
2025-02-01 11:27:41.785 | INFO     | __main__:process_message:162 - Chart updated successfully for message: {"message": "Data engineering is my passion.", "author": "Diana"}
2025-02-01 11:27:44.738 | INFO     | __main__:main:170 - Sent message to topic 'buzzline_json': {'message': 'JSON makes life easier.', 'author': 'Diana'}
2025-02-01 11:27:44.743 | INFO     | __main__:process_message:144 - Processed JSON message: {'message': 'JSON makes life easier.', 'author': 'Diana'}
2025-02-01 11:27:44.745 | INFO     | __main__:process_message:150 - Message received from author: Diana
2025-02-01 11:27:44.745 | INFO     | __main__:process_message:156 - Updated author counts: {'Eve': 3, 'Alice': 4, 'Charlie': 1, 'Diana': 4}
2025-02-01 11:27:44.791 | INFO     | __main__:process_message:162 - Chart updated successfully for message: {"message": "JSON makes life easier.", "author": "Diana"}
2025-02-01 11:27:47.747 | INFO     | __main__:main:170 - Sent message to topic 'buzzline_json': {'message': 'Kafka is awesome.', 'author': 'Charlie'}
2025-02-01 11:27:47.749 | INFO     | __main__:process_message:144 - Processed JSON message: {'message': 'Kafka is awesome.', 'author': 'Charlie'}
2025-02-01 11:27:47.749 | INFO     | __main__:process_message:150 - Message received from author: Charlie
2025-02-01 11:27:47.749 | INFO     | __main__:process_message:156 - Updated author counts: {'Eve': 3, 'Alice': 4, 'Charlie': 2, 'Diana': 4}
2025-02-01 11:27:47.797 | INFO     | __main__:process_message:162 - Chart updated successfully for message: {"message": "Kafka is awesome.", "author": "Charlie"}
2025-02-01 11:27:50.749 | INFO     | __main__:main:170 - Sent message to topic 'buzzline_json': {'message': 'JSON makes life easier.', 'author': 'Bob'}
2025-02-01 11:27:50.752 | INFO     | __main__:process_message:144 - Processed JSON message: {'message': 'JSON makes life easier.', 'author': 'Bob'}
2025-02-01 11:27:50.753 | INFO     | __main__:process_message:150 - Message received from author: Bob
2025-02-01 11:27:50.753 | INFO     | __main__:process_message:156 - Updated author counts: {'Eve': 3, 'Alice': 4, 'Charlie': 2, 'Diana': 4, 'Bob': 1}
2025-02-01 11:27:50.801 | INFO     | __main__:process_message:162 - Chart updated successfully for message: {"message": "JSON makes life easier.", "author": "Bob"}
2025-02-01 11:27:53.750 | INFO     | __main__:main:170 - Sent message to topic 'buzzline_json': {'message': 'I love Python!', 'author': 'Bob'}
2025-02-01 11:27:53.758 | INFO     | __main__:process_message:144 - Processed JSON message: {'message': 'I love Python!', 'author': 'Bob'}
2025-02-01 11:27:53.759 | INFO     | __main__:process_message:150 - Message received from author: Bob
2025-02-01 11:27:53.759 | INFO     | __main__:process_message:156 - Updated author counts: {'Eve': 3, 'Alice': 4, 'Charlie': 2, 'Diana': 4, 'Bob': 2}
2025-02-01 11:27:53.816 | INFO     | __main__:process_message:162 - Chart updated successfully for message: {"message": "I love Python!", "author": "Bob"}
2025-02-01 11:27:56.755 | INFO     | __main__:main:170 - Sent message to topic 'buzzline_json': {'message': 'This is a buzz message.', 'author': 'Eve'}
2025-02-01 11:27:56.766 | INFO     | __main__:process_message:144 - Processed JSON message: {'message': 'This is a buzz message.', 'author': 'Eve'}
2025-02-01 11:27:56.767 | INFO     | __main__:process_message:150 - Message received from author: Eve
2025-02-01 11:27:56.767 | INFO     | __main__:process_message:156 - Updated author counts: {'Eve': 4, 'Alice': 4, 'Charlie': 2, 'Diana': 4, 'Bob': 2}
2025-02-01 11:27:56.821 | INFO     | __main__:process_message:162 - Chart updated successfully for message: {"message": "This is a buzz message.", "author": "Eve"}
2025-02-01 11:27:59.758 | INFO     | __main__:main:170 - Sent message to topic 'buzzline_json': {'message': 'I love Python!', 'author': 'Eve'}
2025-02-01 11:27:59.763 | INFO     | __main__:process_message:144 - Processed JSON message: {'message': 'I love Python!', 'author': 'Eve'}
2025-02-01 11:27:59.763 | INFO     | __main__:process_message:150 - Message received from author: Eve
2025-02-01 11:27:59.763 | INFO     | __main__:process_message:156 - Updated author counts: {'Eve': 5, 'Alice': 4, 'Charlie': 2, 'Diana': 4, 'Bob': 2}
2025-02-01 11:27:59.831 | INFO     | __main__:process_message:162 - Chart updated successfully for message: {"message": "I love Python!", "author": "Eve"}
2025-02-01 11:28:02.761 | INFO     | __main__:main:170 - Sent message to topic 'buzzline_json': {'message': 'Buzz messages for everyone.', 'author': 'Alice'}
2025-02-01 11:28:02.767 | INFO     | __main__:process_message:144 - Processed JSON message: {'message': 'Buzz messages for everyone.', 'author': 'Alice'}
2025-02-01 11:28:02.767 | INFO     | __main__:process_message:150 - Message received from author: Alice
2025-02-01 11:28:02.767 | INFO     | __main__:process_message:156 - Updated author counts: {'Eve': 5, 'Alice': 5, 'Charlie': 2, 'Diana': 4, 'Bob': 2}
2025-02-01 11:28:02.825 | INFO     | __main__:process_message:162 - Chart updated successfully for message: {"message": "Buzz messages for everyone.", "author": "Alice"}
2025-02-01 11:28:05.763 | INFO     | __main__:main:170 - Sent message to topic 'buzzline_json': {'message': 'This is a buzz message.', 'author': 'Alice'}
2025-02-01 11:28:05.768 | INFO     | __main__:process_message:144 - Processed JSON message: {'message': 'This is a buzz message.', 'author': 'Alice'}
2025-02-01 11:28:05.769 | INFO     | __main__:process_message:150 - Message received from author: Alice
2025-02-01 11:28:05.769 | INFO     | __main__:process_message:156 - Updated author counts: {'Eve': 5, 'Alice': 6, 'Charlie': 2, 'Diana': 4, 'Bob': 2}
2025-02-01 11:28:05.815 | INFO     | __main__:process_message:162 - Chart updated successfully for message: {"message": "This is a buzz message.", "author": "Alice"}
2025-02-01 11:28:08.765 | INFO     | __main__:main:170 - Sent message to topic 'buzzline_json': {'message': 'Data engineering is my passion.', 'author': 'Diana'}
2025-02-01 11:28:08.770 | INFO     | __main__:process_message:144 - Processed JSON message: {'message': 'Data engineering is my passion.', 'author': 'Diana'}
2025-02-01 11:28:08.770 | INFO     | __main__:process_message:150 - Message received from author: Diana
2025-02-01 11:28:08.770 | INFO     | __main__:process_message:156 - Updated author counts: {'Eve': 5, 'Alice': 6, 'Charlie': 2, 'Diana': 5, 'Bob': 2}
2025-02-01 11:28:08.841 | INFO     | __main__:process_message:162 - Chart updated successfully for message: {"message": "Data engineering is my passion.", "author": "Diana"}
2025-02-01 11:28:11.769 | INFO     | __main__:main:170 - Sent message to topic 'buzzline_json': {'message': 'I love Python!', 'author': 'Eve'}
2025-02-01 11:28:11.776 | INFO     | __main__:process_message:144 - Processed JSON message: {'message': 'I love Python!', 'author': 'Eve'}
2025-02-01 11:28:11.777 | INFO     | __main__:process_message:150 - Message received from author: Eve
2025-02-01 11:28:11.777 | INFO     | __main__:process_message:156 - Updated author counts: {'Eve': 6, 'Alice': 6, 'Charlie': 2, 'Diana': 5, 'Bob': 2}
2025-02-01 11:28:11.825 | INFO     | __main__:process_message:162 - Chart updated successfully for message: {"message": "I love Python!", "author": "Eve"}
2025-02-01 11:28:14.773 | INFO     | __main__:main:170 - Sent message to topic 'buzzline_json': {'message': 'JSON makes life easier.', 'author': 'Charlie'}
2025-02-01 11:28:14.776 | INFO     | __main__:process_message:144 - Processed JSON message: {'message': 'JSON makes life easier.', 'author': 'Charlie'}
2025-02-01 11:28:14.777 | INFO     | __main__:process_message:150 - Message received from author: Charlie
2025-02-01 11:28:14.777 | INFO     | __main__:process_message:156 - Updated author counts: {'Eve': 6, 'Alice': 6, 'Charlie': 3, 'Diana': 5, 'Bob': 2}
2025-02-01 11:28:14.816 | INFO     | __main__:process_message:162 - Chart updated successfully for message: {"message": "JSON makes life easier.", "author": "Charlie"}
2025-02-01 11:28:17.776 | INFO     | __main__:main:170 - Sent message to topic 'buzzline_json': {'message': 'Have a great day!', 'author': 'Bob'}
2025-02-01 11:28:17.782 | INFO     | __main__:process_message:144 - Processed JSON message: {'message': 'Have a great day!', 'author': 'Bob'}
2025-02-01 11:28:17.783 | INFO     | __main__:process_message:150 - Message received from author: Bob
2025-02-01 11:28:17.783 | INFO     | __main__:process_message:156 - Updated author counts: {'Eve': 6, 'Alice': 6, 'Charlie': 3, 'Diana': 5, 'Bob': 3}
2025-02-01 11:28:17.831 | INFO     | __main__:process_message:162 - Chart updated successfully for message: {"message": "Have a great day!", "author": "Bob"}
2025-02-01 11:28:20.781 | INFO     | __main__:main:170 - Sent message to topic 'buzzline_json': {'message': 'Data engineering is my passion.', 'author': 'Alice'}
2025-02-01 11:28:20.789 | INFO     | __main__:process_message:144 - Processed JSON message: {'message': 'Data engineering is my passion.', 'author': 'Alice'}
2025-02-01 11:28:20.790 | INFO     | __main__:process_message:150 - Message received from author: Alice
2025-02-01 11:28:20.790 | INFO     | __main__:process_message:156 - Updated author counts: {'Eve': 6, 'Alice': 7, 'Charlie': 3, 'Diana': 5, 'Bob': 3}
2025-02-01 11:28:20.864 | INFO     | __main__:process_message:162 - Chart updated successfully for message: {"message": "Data engineering is my passion.", "author": "Alice"}
2025-02-01 11:28:23.784 | INFO     | __main__:main:170 - Sent message to topic 'buzzline_json': {'message': 'Kafka is awesome.', 'author': 'Diana'}
2025-02-01 11:28:23.789 | INFO     | __main__:process_message:144 - Processed JSON message: {'message': 'Kafka is awesome.', 'author': 'Diana'}
2025-02-01 11:28:23.789 | INFO     | __main__:process_message:150 - Message received from author: Diana
2025-02-01 11:28:23.789 | INFO     | __main__:process_message:156 - Updated author counts: {'Eve': 6, 'Alice': 7, 'Charlie': 3, 'Diana': 6, 'Bob': 3}
2025-02-01 11:28:23.846 | INFO     | __main__:process_message:162 - Chart updated successfully for message: {"message": "Kafka is awesome.", "author": "Diana"}
2025-02-01 11:28:26.788 | INFO     | __main__:main:170 - Sent message to topic 'buzzline_json': {'message': 'Kafka is awesome.', 'author': 'Diana'}
2025-02-01 11:28:26.795 | INFO     | __main__:process_message:144 - Processed JSON message: {'message': 'Kafka is awesome.', 'author': 'Diana'}
2025-02-01 11:28:26.796 | INFO     | __main__:process_message:150 - Message received from author: Diana
2025-02-01 11:28:26.796 | INFO     | __main__:process_message:156 - Updated author counts: {'Eve': 6, 'Alice': 7, 'Charlie': 3, 'Diana': 7, 'Bob': 3}
2025-02-01 11:28:26.869 | INFO     | __main__:process_message:162 - Chart updated successfully for message: {"message": "Kafka is awesome.", "author": "Diana"}
2025-02-01 11:28:29.792 | INFO     | __main__:main:170 - Sent message to topic 'buzzline_json': {'message': 'Hello, Kafka world!', 'author': 'Bob'}
2025-02-01 11:28:29.799 | INFO     | __main__:process_message:144 - Processed JSON message: {'message': 'Hello, Kafka world!', 'author': 'Bob'}
2025-02-01 11:28:29.799 | INFO     | __main__:process_message:150 - Message received from author: Bob
2025-02-01 11:28:29.800 | INFO     | __main__:process_message:156 - Updated author counts: {'Eve': 6, 'Alice': 7, 'Charlie': 3, 'Diana': 7, 'Bob': 4}
2025-02-01 11:28:29.851 | INFO     | __main__:process_message:162 - Chart updated successfully for message: {"message": "Hello, Kafka world!", "author": "Bob"}
2025-02-01 11:28:32.796 | INFO     | __main__:main:170 - Sent message to topic 'buzzline_json': {'message': 'Distributed systems are fascinating.', 'author': 'Diana'}
2025-02-01 11:28:32.804 | INFO     | __main__:process_message:144 - Processed JSON message: {'message': 'Distributed systems are fascinating.', 'author': 'Diana'}
2025-02-01 11:28:32.804 | INFO     | __main__:process_message:150 - Message received from author: Diana
2025-02-01 11:28:32.805 | INFO     | __main__:process_message:156 - Updated author counts: {'Eve': 6, 'Alice': 7, 'Charlie': 3, 'Diana': 8, 'Bob': 4}
2025-02-01 11:28:32.866 | INFO     | __main__:process_message:162 - Chart updated successfully for message: {"message": "Distributed systems are fascinating.", "author": "Diana"}
2025-02-01 11:28:35.799 | INFO     | __main__:main:170 - Sent message to topic 'buzzline_json': {'message': 'I love Python!', 'author': 'Diana'}
2025-02-01 11:28:35.804 | INFO     | __main__:process_message:144 - Processed JSON message: {'message': 'I love Python!', 'author': 'Diana'}
2025-02-01 11:28:35.805 | INFO     | __main__:process_message:150 - Message received from author: Diana
2025-02-01 11:28:35.805 | INFO     | __main__:process_message:156 - Updated author counts: {'Eve': 6, 'Alice': 7, 'Charlie': 3, 'Diana': 9, 'Bob': 4}
2025-02-01 11:28:35.853 | INFO     | __main__:process_message:162 - Chart updated successfully for message: {"message": "I love Python!", "author": "Diana"}
2025-02-01 11:28:38.801 | INFO     | __main__:main:170 - Sent message to topic 'buzzline_json': {'message': 'Have a great day!', 'author': 'Alice'}
2025-02-01 11:28:38.808 | INFO     | __main__:process_message:144 - Processed JSON message: {'message': 'Have a great day!', 'author': 'Alice'}
2025-02-01 11:28:38.808 | INFO     | __main__:process_message:150 - Message received from author: Alice
2025-02-01 11:28:38.809 | INFO     | __main__:process_message:156 - Updated author counts: {'Eve': 6, 'Alice': 8, 'Charlie': 3, 'Diana': 9, 'Bob': 4}
2025-02-01 11:28:38.844 | INFO     | __main__:process_message:162 - Chart updated successfully for message: {"message": "Have a great day!", "author": "Alice"}
2025-02-01 11:28:41.806 | INFO     | __main__:main:170 - Sent message to topic 'buzzline_json': {'message': 'Hello, Kafka world!', 'author': 'Charlie'}
2025-02-01 11:28:41.813 | INFO     | __main__:process_message:144 - Processed JSON message: {'message': 'Hello, Kafka world!', 'author': 'Charlie'}
2025-02-01 11:28:41.814 | INFO     | __main__:process_message:150 - Message received from author: Charlie
2025-02-01 11:28:41.814 | INFO     | __main__:process_message:156 - Updated author counts: {'Eve': 6, 'Alice': 8, 'Charlie': 4, 'Diana': 9, 'Bob': 4}
2025-02-01 11:28:41.854 | INFO     | __main__:process_message:162 - Chart updated successfully for message: {"message": "Hello, Kafka world!", "author": "Charlie"}
2025-02-01 11:28:44.808 | INFO     | __main__:main:170 - Sent message to topic 'buzzline_json': {'message': 'JSON makes life easier.', 'author': 'Diana'}
2025-02-01 11:28:44.812 | INFO     | __main__:process_message:144 - Processed JSON message: {'message': 'JSON makes life easier.', 'author': 'Diana'}
2025-02-01 11:28:44.814 | INFO     | __main__:process_message:150 - Message received from author: Diana
2025-02-01 11:28:44.814 | INFO     | __main__:process_message:156 - Updated author counts: {'Eve': 6, 'Alice': 8, 'Charlie': 4, 'Diana': 10, 'Bob': 4}
2025-02-01 11:28:44.882 | INFO     | __main__:process_message:162 - Chart updated successfully for message: {"message": "JSON makes life easier.", "author": "Diana"}
